Arguments: 
  C:\Program Files\nodejs\node.exe C:\Users\BTC\AppData\Roaming\npm\node_modules\yarn\bin\yarn.js

PATH: 
  C:\Unicon\bin;C:\Program Files (x86)\Common Files\Intel\Shared Libraries\redist\intel64\compiler;C:\Program Files (x86)\Common Files\Oracle\Java\javapath;C:\WINDOWS\system32;C:\WINDOWS;C:\WINDOWS\System32\Wbem;C:\WINDOWS\System32\WindowsPowerShell\v1.0\;C:\WINDOWS\System32\OpenSSH\;C:\Program Files\Git\cmd;C:\ProgramData\chocolatey\bin;C:\Program Files\Java\jdk-16.0.2\bin;C:\Program Files\dotnet\;C:\Program Files\Microsoft SQL Server\130\Tools\Binn\;C:\Program Files\Microsoft SQL Server\Client SDK\ODBC\170\Tools\Binn\;C:\Users\BTC\mongosh\bin;C:\Program Files\nodejs\;C:\Users\BTC\AppData\Local\Packages\PythonSoftwareFoundation.Python.3.9_qbz5n2kfra8p0\LocalCache\local-packages\Python39\Scripts;C:\Program Files\PuTTY\;C:\Program Files (x86)\Intel\Intel(R) Management Engine Components\DAL;C:\Program Files\Intel\Intel(R) Management Engine Components\DAL;C:\tools\apache-maven-3.8.4\bin;C:\composer;C:\Program Files\cURL\bin;C:\ProgramData\curl\bin;;C:\Program Files\Docker\Docker\resources\bin;C:\ProgramData\DockerDesktop\version-bin;C:\Users\BTC\.cargo\bin;C:\Users\BTC\AppData\Local\Microsoft\WindowsApps;C:\Users\BTC\AppData\Local\Programs\Microsoft VS Code\bin;C:\Users\BTC\AppData\Local\GitHubDesktop\bin;C:\src\flutter\bin;C:\Program Files\heroku\bin;C:\tools\dart-sdk\bin;C:\Users\BTC\AppData\Roaming\Pub\Cache\bin;C:\Users\BTC\.dotnet\tools;C:\Users\BTC\AppData\Roaming\npm;C:\Program Files\JetBrains\PyCharm Community Edition 2021.2.2\bin;;C:\Users\BTC\AppData\Local\Packages\PythonSoftwareFoundation.Python.3.10_qbz5n2kfra8p0;C:\Users\BTC\AppData\Local\Microsoft\WindowsApps\PythonSoftwareFoundation.Python.3.10_qbz5n2kfra8p0;C:\Users\BTC\AppData\Local\Packages\PythonSoftwareFoundation.Python.3.9_qbz5n2kfra8p0;C:\Program Files\JetBrains\WebStorm 2021.2.3\bin;;C:\php8;C:\Users\BTC\AppData\Roaming\Composer\vendor\bin;C:\Program Files\JetBrains\IntelliJ IDEA 2021.3.2\bin;;C:\Users\BTC\AppData\Local\Programs\Hyper\resources\bin

Yarn version: 
  1.22.18

Node version: 
  16.10.0

Platform: 
  win32 x64

Trace: 
  Error: read ECONNRESET
      at TLSWrap.onStreamRead (node:internal/stream_base_commons:220:20)

npm manifest: 
  {
      "name": "pichub",
      "version": "1.0.0",
      "description": "",
      "main": "index.js",
      "scripts": {
          "dev": "ts-node-dev --respawn src/server.ts",
          "build": "tsc",
          "start": "node ./dist/index.js",
          "test": "echo \"Error: no test specified\" && exit 1"
      },
      "keywords": [],
      "author": "",
      "license": "ISC",
      "devDependencies": {
          "@types/bcrypt": "^3.0.0",
          "@types/bcryptjs": "^2.4.2",
          "@types/express": "^4.17.6",
          "@types/mongoose": "^5.7.13",
          "@types/node": "^13.13.2",
          "dotenv": "^8.2.0",
          "nodemon": "^2.0.3",
          "ts-node": "^8.9.0",
          "ts-node-dev": "^1.0.0-pre.44",
          "typescript": "^3.8.3"
      },
      "dependencies": {
          "apollo-server-express": "^2.12.0",
          "bcrypt": "^4.0.1",
          "bcryptjs": "^2.4.3",
          "class-validator": "^0.12.1",
          "express": "^4.17.1",
          "graphql": "^14.6.0",
          "mongoose": "^5.9.10",
          "reflect-metadata": "^0.1.13",
          "type-graphql": "^0.17.6"
      }
  }

yarn manifest: 
  No manifest

Lockfile: 
  No lockfile
